Base path: C:/Program Files/Unity/Editor/Data
Cmd: initializeCompiler
Cmd: compileComputeKernel
  api=4 insize=2057 outsize=349 ok=1
Cmd: compileComputeKernel
  api=4 insize=1174 outsize=781 ok=1
Cmd: compileComputeKernel
  api=4 insize=10879 outsize=10593 ok=1
Cmd: compileComputeKernel
  api=4 insize=4855 outsize=9169 ok=1
Cmd: compileComputeKernel
  api=4 insize=18297 outsize=8781 ok=1
Cmd: compileComputeKernel
  api=4 insize=18297 outsize=8553 ok=1
Cmd: compileComputeKernel
  api=4 insize=18297 outsize=10769 ok=1
Cmd: compileComputeKernel
  api=4 insize=1804 outsize=553 ok=1
Unhandled exception: Protocol error - failed to read correct magic number

Quitting shader compiler process
